2019-01-25 15:36:57,711 INFO org.springframework.boot.StartupInfoLogger [main] Starting CustomerFeedBatchApplication on VTP3102 with PID 1456 (C:\projects\java\ProfileMigration\target\classes started by sr4mxl in C:\projects\java\ProfileMigration)
2019-01-25 15:36:57,738 INFO org.springframework.boot.SpringApplication [main] The following profiles are active: DEV
2019-01-25 15:36:57,893 INFO org.springframework.context.support.AbstractApplicationContext [main] Refreshing org.springframework.context.annotation.AnnotationConfigApplicationContext@1ce24091: startup date [Fri Jan 25 15:36:57 EST 2019]; root of context hierarchy
2019-01-25 15:36:59,143 INFO org.springframework.beans.factory.support.DefaultListableBeanFactory [main] Overriding bean definition for bean 'transactionManager' with a different definition: replacing [Root bean: class [null]; scope=; abstract=false; lazyInit=false; autowireMode=3; dependencyCheck=0; autowireCandidate=true; primary=false; factoryBeanName=org.springframework.batch.core.configuration.annotation.SimpleBatchConfiguration; factoryMethodName=transactionManager; initMethodName=null; destroyMethodName=(inferred); defined in class path resource [org/springframework/batch/core/configuration/annotation/SimpleBatchConfiguration.class]] with [Root bean: class [null]; scope=; abstract=false; lazyInit=false; autowireMode=3; dependencyCheck=0; autowireCandidate=true; primary=false; factoryBeanName=batchConfiguration; factoryMethodName=transactionManager; initMethodName=null; destroyMethodName=(inferred); defined in class path resource [com/talbots/customer/feed/batch/BatchConfiguration.class]]
2019-01-25 15:37:00,997 INFO org.springframework.jdbc.datasource.DriverManagerDataSource [main] Loaded JDBC driver: com.microsoft.sqlserver.jdbc.SQLServerDriver
2019-01-25 15:37:01,644 INFO org.hibernate.Version [main] HHH000412: Hibernate Core {5.2.17.Final}
2019-01-25 15:37:01,650 INFO org.hibernate.cfg.Environment [main] HHH000206: hibernate.properties not found
2019-01-25 15:37:01,882 INFO org.hibernate.annotations.common.reflection.java.JavaReflectionManager [main] HCANN000001: Hibernate Commons Annotations {5.0.1.Final}
2019-01-25 15:37:02,841 INFO org.hibernate.dialect.Dialect [main] HHH000400: Using dialect: org.hibernate.dialect.SQLServer2008Dialect
2019-01-25 15:37:03,062 INFO org.hibernate.engine.jdbc.env.internal.LobCreatorBuilderImpl [main] HHH000423: Disabling contextual LOB creation as JDBC driver reported JDBC version [3] less than 4
2019-01-25 15:37:04,205 INFO org.springframework.orm.hibernate5.HibernateTransactionManager [main] Using DataSource [org.springframework.jdbc.datasource.DriverManagerDataSource@6273c5a4] of Hibernate SessionFactory for HibernateTransactionManager
2019-01-25 15:37:05,718 INFO org.springframework.batch.core.repository.support.JobRepositoryFactoryBean [main] No database type set, using meta data indicating: SQLSERVER
2019-01-25 15:37:06,312 INFO org.springframework.batch.core.launch.support.SimpleJobLauncher [main] No TaskExecutor has been set, defaulting to synchronous executor.
2019-01-25 15:37:07,120 INFO org.springframework.jmx.export.MBeanExporter [main] Registering beans for JMX exposure on startup
2019-01-25 15:37:07,160 INFO org.springframework.boot.StartupInfoLogger [main] Started CustomerFeedBatchApplication in 11.356 seconds (JVM running for 13.285)
2019-01-25 15:37:07,166 INFO org.springframework.boot.autoconfigure.batch.JobLauncherCommandLineRunner [main] Running default command line with: [--spring.output.ansi.enabled=always]
2019-01-25 15:37:07,702 INFO org.springframework.batch.core.launch.support.SimpleJobLauncher$1 [main] Job: [FlowJob: [name=exportCustomerFeedJob]] launched with the following parameters: [{-spring.output.ansi.enabled=always, run.id=28}]
2019-01-25 15:37:07,826 INFO org.springframework.batch.core.job.SimpleStepHandler [main] Executing step: [step1]
2019-01-25 15:37:08,068 INFO com.talbots.customer.feed.batch.service.ItemCountListener [main] Processed customer record count: 0
2019-01-25 15:37:08,154 INFO org.springframework.batch.core.launch.support.SimpleJobLauncher$1 [main] Job: [FlowJob: [name=exportCustomerFeedJob]] completed with the following parameters: [{-spring.output.ansi.enabled=always, run.id=28}] and the following status: [COMPLETED]
2019-01-25 15:37:08,158 INFO org.springframework.context.support.AbstractApplicationContext [Thread-2] Closing org.springframework.context.annotation.AnnotationConfigApplicationContext@1ce24091: startup date [Fri Jan 25 15:36:57 EST 2019]; root of context hierarchy
2019-01-25 15:37:08,162 INFO org.springframework.jmx.export.MBeanExporter [Thread-2] Unregistering JMX-exposed beans on shutdown
