2018-10-23 13:43:57,611 INFO org.springframework.boot.StartupInfoLogger [main] Starting CustomerFeedBatchApplication on VTP3102 with PID 9684 (C:\projects\java\ProfileMigration\target\classes started by sr4mxl in C:\projects\java\ProfileMigration)
2018-10-23 13:43:57,639 INFO org.springframework.boot.SpringApplication [main] The following profiles are active: DEV
2018-10-23 13:43:57,832 INFO org.springframework.context.support.AbstractApplicationContext [main] Refreshing org.springframework.context.annotation.AnnotationConfigApplicationContext@ba2f4ec: startup date [Tue Oct 23 13:43:57 EDT 2018]; root of context hierarchy
2018-10-23 13:43:59,313 INFO org.springframework.beans.factory.support.DefaultListableBeanFactory [main] Overriding bean definition for bean 'transactionManager' with a different definition: replacing [Root bean: class [null]; scope=; abstract=false; lazyInit=false; autowireMode=3; dependencyCheck=0; autowireCandidate=true; primary=false; factoryBeanName=org.springframework.batch.core.configuration.annotation.SimpleBatchConfiguration; factoryMethodName=transactionManager; initMethodName=null; destroyMethodName=(inferred); defined in class path resource [org/springframework/batch/core/configuration/annotation/SimpleBatchConfiguration.class]] with [Root bean: class [null]; scope=; abstract=false; lazyInit=false; autowireMode=3; dependencyCheck=0; autowireCandidate=true; primary=false; factoryBeanName=batchConfiguration; factoryMethodName=transactionManager; initMethodName=null; destroyMethodName=(inferred); defined in class path resource [com/talbots/customer/feed/batch/BatchConfiguration.class]]
2018-10-23 13:44:01,503 INFO org.springframework.jdbc.datasource.DriverManagerDataSource [main] Loaded JDBC driver: com.microsoft.sqlserver.jdbc.SQLServerDriver
2018-10-23 13:44:02,235 INFO org.hibernate.Version [main] HHH000412: Hibernate Core {5.2.17.Final}
2018-10-23 13:44:02,243 INFO org.hibernate.cfg.Environment [main] HHH000206: hibernate.properties not found
2018-10-23 13:44:02,479 INFO org.hibernate.annotations.common.reflection.java.JavaReflectionManager [main] HCANN000001: Hibernate Commons Annotations {5.0.1.Final}
2018-10-23 13:44:03,536 INFO org.hibernate.dialect.Dialect [main] HHH000400: Using dialect: org.hibernate.dialect.SQLServer2008Dialect
2018-10-23 13:44:03,795 INFO org.hibernate.engine.jdbc.env.internal.LobCreatorBuilderImpl [main] HHH000423: Disabling contextual LOB creation as JDBC driver reported JDBC version [3] less than 4
2018-10-23 13:44:05,368 INFO org.springframework.orm.hibernate5.HibernateTransactionManager [main] Using DataSource [org.springframework.jdbc.datasource.DriverManagerDataSource@76c7beb3] of Hibernate SessionFactory for HibernateTransactionManager
2018-10-23 13:44:07,231 INFO org.springframework.batch.core.repository.support.JobRepositoryFactoryBean [main] No database type set, using meta data indicating: SQLSERVER
2018-10-23 13:44:07,801 INFO org.springframework.batch.core.launch.support.SimpleJobLauncher [main] No TaskExecutor has been set, defaulting to synchronous executor.
2018-10-23 13:44:08,604 INFO org.springframework.jmx.export.MBeanExporter [main] Registering beans for JMX exposure on startup
2018-10-23 13:44:08,649 INFO org.springframework.boot.StartupInfoLogger [main] Started CustomerFeedBatchApplication in 13.364 seconds (JVM running for 17.197)
2018-10-23 13:44:08,655 INFO org.springframework.boot.autoconfigure.batch.JobLauncherCommandLineRunner [main] Running default command line with: [--spring.output.ansi.enabled=always]
2018-10-23 13:44:09,233 INFO org.springframework.batch.core.launch.support.SimpleJobLauncher$1 [main] Job: [FlowJob: [name=exportCustomerFeedJob]] launched with the following parameters: [{-spring.output.ansi.enabled=always, Drun.jvmArguments=-Dspring.profiles.active=PROD, run.id=464, -spring.profiles.active=DEV, Dsprig.profiles.active=PROD}]
2018-10-23 13:44:09,381 INFO org.springframework.batch.core.job.SimpleStepHandler [main] Executing step: [step1]
2018-10-23 13:44:09,681 INFO com.talbots.customer.feed.batch.service.CustomerFeedProcessor [main] Processing customer number 298363644
2018-10-23 13:44:09,684 INFO com.talbots.customer.feed.batch.service.CustomerFeedProcessor [main] Processing customer number 298363644
2018-10-23 13:44:09,684 INFO com.talbots.customer.feed.batch.service.CustomerFeedProcessor [main] Processing customer number 298363644
2018-10-23 13:44:09,685 INFO com.talbots.customer.feed.batch.service.CustomerFeedProcessor [main] Processing customer number 298363644
2018-10-23 13:44:09,685 INFO com.talbots.customer.feed.batch.service.CustomerFeedProcessor [main] Processing customer number 298363644
2018-10-23 13:44:09,686 INFO com.talbots.customer.feed.batch.service.CustomerFeedProcessor [main] Processing customer number 298363644
2018-10-23 13:44:09,692 INFO org.springframework.oxm.jaxb.Jaxb2Marshaller [main] Creating JAXBContext with classes to be bound [class com.talbots.customer.feed.domain.Customer]
2018-10-23 13:44:10,120 INFO org.springframework.batch.core.launch.support.SimpleJobLauncher$1 [main] Job: [FlowJob: [name=exportCustomerFeedJob]] completed with the following parameters: [{-spring.output.ansi.enabled=always, Drun.jvmArguments=-Dspring.profiles.active=PROD, run.id=464, -spring.profiles.active=DEV, Dsprig.profiles.active=PROD}] and the following status: [COMPLETED]
2018-10-23 13:44:10,124 INFO org.springframework.context.support.AbstractApplicationContext [Thread-3] Closing org.springframework.context.annotation.AnnotationConfigApplicationContext@ba2f4ec: startup date [Tue Oct 23 13:43:57 EDT 2018]; root of context hierarchy
2018-10-23 13:44:10,128 INFO org.springframework.jmx.export.MBeanExporter [Thread-3] Unregistering JMX-exposed beans on shutdown
