2018-12-21 09:54:18,921 INFO org.springframework.boot.StartupInfoLogger [main] Starting CustomerFeedBatchApplication on VTP3102 with PID 3356 (C:\projects\java\ProfileMigration\target\classes started by sr4mxl in C:\projects\java\ProfileMigration)
2018-12-21 09:54:18,971 INFO org.springframework.boot.SpringApplication [main] The following profiles are active: DEV
2018-12-21 09:54:19,201 INFO org.springframework.context.support.AbstractApplicationContext [main] Refreshing org.springframework.context.annotation.AnnotationConfigApplicationContext@7a8c8dcf: startup date [Fri Dec 21 09:54:19 EST 2018]; root of context hierarchy
2018-12-21 09:54:20,948 INFO org.springframework.beans.factory.support.DefaultListableBeanFactory [main] Overriding bean definition for bean 'transactionManager' with a different definition: replacing [Root bean: class [null]; scope=; abstract=false; lazyInit=false; autowireMode=3; dependencyCheck=0; autowireCandidate=true; primary=false; factoryBeanName=org.springframework.batch.core.configuration.annotation.SimpleBatchConfiguration; factoryMethodName=transactionManager; initMethodName=null; destroyMethodName=(inferred); defined in class path resource [org/springframework/batch/core/configuration/annotation/SimpleBatchConfiguration.class]] with [Root bean: class [null]; scope=; abstract=false; lazyInit=false; autowireMode=3; dependencyCheck=0; autowireCandidate=true; primary=false; factoryBeanName=batchConfiguration; factoryMethodName=transactionManager; initMethodName=null; destroyMethodName=(inferred); defined in class path resource [com/talbots/customer/feed/batch/BatchConfiguration.class]]
2018-12-21 09:54:23,860 INFO org.springframework.jdbc.datasource.DriverManagerDataSource [main] Loaded JDBC driver: com.microsoft.sqlserver.jdbc.SQLServerDriver
2018-12-21 09:54:24,975 INFO org.hibernate.Version [main] HHH000412: Hibernate Core {5.2.17.Final}
2018-12-21 09:54:24,983 INFO org.hibernate.cfg.Environment [main] HHH000206: hibernate.properties not found
2018-12-21 09:54:25,277 INFO org.hibernate.annotations.common.reflection.java.JavaReflectionManager [main] HCANN000001: Hibernate Commons Annotations {5.0.1.Final}
2018-12-21 09:54:27,122 INFO org.hibernate.dialect.Dialect [main] HHH000400: Using dialect: org.hibernate.dialect.SQLServer2008Dialect
2018-12-21 09:54:27,420 INFO org.hibernate.engine.jdbc.env.internal.LobCreatorBuilderImpl [main] HHH000423: Disabling contextual LOB creation as JDBC driver reported JDBC version [3] less than 4
2018-12-21 09:54:29,233 INFO org.springframework.orm.hibernate5.HibernateTransactionManager [main] Using DataSource [org.springframework.jdbc.datasource.DriverManagerDataSource@4215838f] of Hibernate SessionFactory for HibernateTransactionManager
2018-12-21 09:54:31,081 INFO org.springframework.batch.core.repository.support.JobRepositoryFactoryBean [main] No database type set, using meta data indicating: SQLSERVER
2018-12-21 09:54:31,827 INFO org.springframework.batch.core.launch.support.SimpleJobLauncher [main] No TaskExecutor has been set, defaulting to synchronous executor.
2018-12-21 09:54:32,727 INFO org.springframework.jmx.export.MBeanExporter [main] Registering beans for JMX exposure on startup
2018-12-21 09:54:32,771 INFO org.springframework.boot.StartupInfoLogger [main] Started CustomerFeedBatchApplication in 16.587 seconds (JVM running for 20.636)
2018-12-21 09:54:32,777 INFO org.springframework.boot.autoconfigure.batch.JobLauncherCommandLineRunner [main] Running default command line with: [--spring.output.ansi.enabled=always]
2018-12-21 09:54:33,450 INFO org.springframework.batch.core.launch.support.SimpleJobLauncher$1 [main] Job: [FlowJob: [name=exportCustomerFeedJob]] launched with the following parameters: [{-spring.output.ansi.enabled=always, run.id=51}]
2018-12-21 09:54:33,605 INFO org.springframework.batch.core.job.SimpleStepHandler [main] Executing step: [step1]
2018-12-21 09:54:37,491 INFO com.talbots.customer.feed.batch.service.ItemCountListener [main] Processed customer record count: 0
2018-12-21 09:54:37,586 INFO org.springframework.batch.core.launch.support.SimpleJobLauncher$1 [main] Job: [FlowJob: [name=exportCustomerFeedJob]] completed with the following parameters: [{-spring.output.ansi.enabled=always, run.id=51}] and the following status: [COMPLETED]
2018-12-21 09:54:37,604 INFO org.springframework.context.support.AbstractApplicationContext [Thread-2] Closing org.springframework.context.annotation.AnnotationConfigApplicationContext@7a8c8dcf: startup date [Fri Dec 21 09:54:19 EST 2018]; root of context hierarchy
2018-12-21 09:54:37,609 INFO org.springframework.jmx.export.MBeanExporter [Thread-2] Unregistering JMX-exposed beans on shutdown
