2019-01-16 09:29:00,777 INFO org.springframework.boot.StartupInfoLogger [main] Starting CustomerFeedBatchApplication on VTP3102 with PID 10024 (C:\projects\java\ProfileMigration\target\classes started by sr4mxl in C:\projects\java\ProfileMigration)
2019-01-16 09:29:00,804 INFO org.springframework.boot.SpringApplication [main] The following profiles are active: DEV
2019-01-16 09:29:00,967 INFO org.springframework.context.support.AbstractApplicationContext [main] Refreshing org.springframework.context.annotation.AnnotationConfigApplicationContext@7a8c8dcf: startup date [Wed Jan 16 09:29:00 EST 2019]; root of context hierarchy
2019-01-16 09:29:02,293 INFO org.springframework.beans.factory.support.DefaultListableBeanFactory [main] Overriding bean definition for bean 'transactionManager' with a different definition: replacing [Root bean: class [null]; scope=; abstract=false; lazyInit=false; autowireMode=3; dependencyCheck=0; autowireCandidate=true; primary=false; factoryBeanName=org.springframework.batch.core.configuration.annotation.SimpleBatchConfiguration; factoryMethodName=transactionManager; initMethodName=null; destroyMethodName=(inferred); defined in class path resource [org/springframework/batch/core/configuration/annotation/SimpleBatchConfiguration.class]] with [Root bean: class [null]; scope=; abstract=false; lazyInit=false; autowireMode=3; dependencyCheck=0; autowireCandidate=true; primary=false; factoryBeanName=batchConfiguration; factoryMethodName=transactionManager; initMethodName=null; destroyMethodName=(inferred); defined in class path resource [com/talbots/customer/feed/batch/BatchConfiguration.class]]
2019-01-16 09:29:04,256 INFO org.springframework.jdbc.datasource.DriverManagerDataSource [main] Loaded JDBC driver: com.microsoft.sqlserver.jdbc.SQLServerDriver
2019-01-16 09:29:04,940 INFO org.hibernate.Version [main] HHH000412: Hibernate Core {5.2.17.Final}
2019-01-16 09:29:04,948 INFO org.hibernate.cfg.Environment [main] HHH000206: hibernate.properties not found
2019-01-16 09:29:05,187 INFO org.hibernate.annotations.common.reflection.java.JavaReflectionManager [main] HCANN000001: Hibernate Commons Annotations {5.0.1.Final}
2019-01-16 09:29:06,205 INFO org.hibernate.dialect.Dialect [main] HHH000400: Using dialect: org.hibernate.dialect.SQLServer2008Dialect
2019-01-16 09:29:06,435 INFO org.hibernate.engine.jdbc.env.internal.LobCreatorBuilderImpl [main] HHH000423: Disabling contextual LOB creation as JDBC driver reported JDBC version [3] less than 4
2019-01-16 09:29:07,625 INFO org.springframework.orm.hibernate5.HibernateTransactionManager [main] Using DataSource [org.springframework.jdbc.datasource.DriverManagerDataSource@611df6e3] of Hibernate SessionFactory for HibernateTransactionManager
2019-01-16 09:29:09,204 INFO org.springframework.batch.core.repository.support.JobRepositoryFactoryBean [main] No database type set, using meta data indicating: SQLSERVER
2019-01-16 09:29:09,773 INFO org.springframework.batch.core.launch.support.SimpleJobLauncher [main] No TaskExecutor has been set, defaulting to synchronous executor.
2019-01-16 09:29:10,614 INFO org.springframework.jmx.export.MBeanExporter [main] Registering beans for JMX exposure on startup
2019-01-16 09:29:10,655 INFO org.springframework.boot.StartupInfoLogger [main] Started CustomerFeedBatchApplication in 11.97 seconds (JVM running for 14.104)
2019-01-16 09:29:10,661 INFO org.springframework.boot.autoconfigure.batch.JobLauncherCommandLineRunner [main] Running default command line with: [--spring.output.ansi.enabled=always]
2019-01-16 09:29:11,184 INFO org.springframework.batch.core.launch.support.SimpleJobLauncher$1 [main] Job: [FlowJob: [name=exportCustomerFeedJob]] launched with the following parameters: [{-spring.output.ansi.enabled=always, run.id=3}]
2019-01-16 09:29:11,309 INFO org.springframework.batch.core.job.SimpleStepHandler [main] Executing step: [step1]
2019-01-16 09:29:11,616 INFO com.talbots.customer.feed.batch.service.ItemCountListener [main] Processed customer record count: 0
2019-01-16 09:29:11,706 INFO org.springframework.batch.core.launch.support.SimpleJobLauncher$1 [main] Job: [FlowJob: [name=exportCustomerFeedJob]] completed with the following parameters: [{-spring.output.ansi.enabled=always, run.id=3}] and the following status: [COMPLETED]
2019-01-16 09:29:11,709 INFO org.springframework.context.support.AbstractApplicationContext [Thread-2] Closing org.springframework.context.annotation.AnnotationConfigApplicationContext@7a8c8dcf: startup date [Wed Jan 16 09:29:00 EST 2019]; root of context hierarchy
2019-01-16 09:29:11,713 INFO org.springframework.jmx.export.MBeanExporter [Thread-2] Unregistering JMX-exposed beans on shutdown
