2019-01-18 16:49:39,046 INFO org.springframework.boot.StartupInfoLogger [main] Starting CustomerFeedBatchApplication on VTP3102 with PID 9056 (C:\projects\java\ProfileMigration\target\classes started by sr4mxl in C:\projects\java\ProfileMigration)
2019-01-18 16:49:39,071 INFO org.springframework.boot.SpringApplication [main] The following profiles are active: DEV
2019-01-18 16:49:39,223 INFO org.springframework.context.support.AbstractApplicationContext [main] Refreshing org.springframework.context.annotation.AnnotationConfigApplicationContext@7a8c8dcf: startup date [Fri Jan 18 16:49:39 EST 2019]; root of context hierarchy
2019-01-18 16:49:40,470 INFO org.springframework.beans.factory.support.DefaultListableBeanFactory [main] Overriding bean definition for bean 'transactionManager' with a different definition: replacing [Root bean: class [null]; scope=; abstract=false; lazyInit=false; autowireMode=3; dependencyCheck=0; autowireCandidate=true; primary=false; factoryBeanName=org.springframework.batch.core.configuration.annotation.SimpleBatchConfiguration; factoryMethodName=transactionManager; initMethodName=null; destroyMethodName=(inferred); defined in class path resource [org/springframework/batch/core/configuration/annotation/SimpleBatchConfiguration.class]] with [Root bean: class [null]; scope=; abstract=false; lazyInit=false; autowireMode=3; dependencyCheck=0; autowireCandidate=true; primary=false; factoryBeanName=batchConfiguration; factoryMethodName=transactionManager; initMethodName=null; destroyMethodName=(inferred); defined in class path resource [com/talbots/customer/feed/batch/BatchConfiguration.class]]
2019-01-18 16:49:42,318 INFO org.springframework.jdbc.datasource.DriverManagerDataSource [main] Loaded JDBC driver: com.microsoft.sqlserver.jdbc.SQLServerDriver
2019-01-18 16:49:42,967 INFO org.hibernate.Version [main] HHH000412: Hibernate Core {5.2.17.Final}
2019-01-18 16:49:42,973 INFO org.hibernate.cfg.Environment [main] HHH000206: hibernate.properties not found
2019-01-18 16:49:43,197 INFO org.hibernate.annotations.common.reflection.java.JavaReflectionManager [main] HCANN000001: Hibernate Commons Annotations {5.0.1.Final}
2019-01-18 16:49:44,131 INFO org.hibernate.dialect.Dialect [main] HHH000400: Using dialect: org.hibernate.dialect.SQLServer2008Dialect
2019-01-18 16:49:44,349 INFO org.hibernate.engine.jdbc.env.internal.LobCreatorBuilderImpl [main] HHH000423: Disabling contextual LOB creation as JDBC driver reported JDBC version [3] less than 4
2019-01-18 16:49:45,481 INFO org.springframework.orm.hibernate5.HibernateTransactionManager [main] Using DataSource [org.springframework.jdbc.datasource.DriverManagerDataSource@611df6e3] of Hibernate SessionFactory for HibernateTransactionManager
2019-01-18 16:49:47,010 INFO org.springframework.batch.core.repository.support.JobRepositoryFactoryBean [main] No database type set, using meta data indicating: SQLSERVER
2019-01-18 16:49:47,555 INFO org.springframework.batch.core.launch.support.SimpleJobLauncher [main] No TaskExecutor has been set, defaulting to synchronous executor.
2019-01-18 16:49:48,354 INFO org.springframework.jmx.export.MBeanExporter [main] Registering beans for JMX exposure on startup
2019-01-18 16:49:48,393 INFO org.springframework.boot.StartupInfoLogger [main] Started CustomerFeedBatchApplication in 11.165 seconds (JVM running for 13.096)
2019-01-18 16:49:48,398 INFO org.springframework.boot.autoconfigure.batch.JobLauncherCommandLineRunner [main] Running default command line with: [--spring.output.ansi.enabled=always]
2019-01-18 16:49:48,902 INFO org.springframework.batch.core.launch.support.SimpleJobLauncher$1 [main] Job: [FlowJob: [name=exportCustomerFeedJob]] launched with the following parameters: [{-spring.output.ansi.enabled=always, run.id=6}]
2019-01-18 16:49:49,029 INFO org.springframework.batch.core.job.SimpleStepHandler [main] Executing step: [step1]
2019-01-18 16:49:49,453 INFO com.talbots.customer.feed.batch.service.ItemCountListener [main] Processed customer record count: 0
2019-01-18 16:49:49,543 INFO org.springframework.batch.core.launch.support.SimpleJobLauncher$1 [main] Job: [FlowJob: [name=exportCustomerFeedJob]] completed with the following parameters: [{-spring.output.ansi.enabled=always, run.id=6}] and the following status: [COMPLETED]
2019-01-18 16:49:49,546 INFO org.springframework.context.support.AbstractApplicationContext [Thread-2] Closing org.springframework.context.annotation.AnnotationConfigApplicationContext@7a8c8dcf: startup date [Fri Jan 18 16:49:39 EST 2019]; root of context hierarchy
2019-01-18 16:49:49,550 INFO org.springframework.jmx.export.MBeanExporter [Thread-2] Unregistering JMX-exposed beans on shutdown
