2018-11-07 15:36:03,808 INFO org.springframework.boot.StartupInfoLogger [main] Starting CustomerFeedBatchApplication on VTP3102 with PID 11032 (C:\projects\java\ProfileMigration\target\classes started by sr4mxl in C:\projects\java\ProfileMigration)
2018-11-07 15:36:03,853 INFO org.springframework.boot.SpringApplication [main] The following profiles are active: DEV
2018-11-07 15:36:04,101 INFO org.springframework.context.support.AbstractApplicationContext [main] Refreshing org.springframework.context.annotation.AnnotationConfigApplicationContext@7a8c8dcf: startup date [Wed Nov 07 15:36:04 EST 2018]; root of context hierarchy
2018-11-07 15:36:06,339 INFO org.springframework.beans.factory.support.DefaultListableBeanFactory [main] Overriding bean definition for bean 'transactionManager' with a different definition: replacing [Root bean: class [null]; scope=; abstract=false; lazyInit=false; autowireMode=3; dependencyCheck=0; autowireCandidate=true; primary=false; factoryBeanName=org.springframework.batch.core.configuration.annotation.SimpleBatchConfiguration; factoryMethodName=transactionManager; initMethodName=null; destroyMethodName=(inferred); defined in class path resource [org/springframework/batch/core/configuration/annotation/SimpleBatchConfiguration.class]] with [Root bean: class [null]; scope=; abstract=false; lazyInit=false; autowireMode=3; dependencyCheck=0; autowireCandidate=true; primary=false; factoryBeanName=batchConfiguration; factoryMethodName=transactionManager; initMethodName=null; destroyMethodName=(inferred); defined in class path resource [com/talbots/customer/feed/batch/BatchConfiguration.class]]
2018-11-07 15:36:09,520 INFO org.springframework.jdbc.datasource.DriverManagerDataSource [main] Loaded JDBC driver: com.microsoft.sqlserver.jdbc.SQLServerDriver
2018-11-07 15:36:10,850 INFO org.hibernate.Version [main] HHH000412: Hibernate Core {5.2.17.Final}
2018-11-07 15:36:10,859 INFO org.hibernate.cfg.Environment [main] HHH000206: hibernate.properties not found
2018-11-07 15:36:11,187 INFO org.hibernate.annotations.common.reflection.java.JavaReflectionManager [main] HCANN000001: Hibernate Commons Annotations {5.0.1.Final}
2018-11-07 15:36:12,997 INFO org.hibernate.dialect.Dialect [main] HHH000400: Using dialect: org.hibernate.dialect.SQLServer2008Dialect
2018-11-07 15:36:13,320 INFO org.hibernate.engine.jdbc.env.internal.LobCreatorBuilderImpl [main] HHH000423: Disabling contextual LOB creation as JDBC driver reported JDBC version [3] less than 4
2018-11-07 15:36:15,260 INFO org.springframework.orm.hibernate5.HibernateTransactionManager [main] Using DataSource [org.springframework.jdbc.datasource.DriverManagerDataSource@3d8bbcdc] of Hibernate SessionFactory for HibernateTransactionManager
2018-11-07 15:36:17,777 INFO org.springframework.batch.core.repository.support.JobRepositoryFactoryBean [main] No database type set, using meta data indicating: SQLSERVER
2018-11-07 15:36:18,606 INFO org.springframework.batch.core.launch.support.SimpleJobLauncher [main] No TaskExecutor has been set, defaulting to synchronous executor.
2018-11-07 15:36:19,776 INFO org.springframework.jmx.export.MBeanExporter [main] Registering beans for JMX exposure on startup
2018-11-07 15:36:19,850 INFO org.springframework.boot.StartupInfoLogger [main] Started CustomerFeedBatchApplication in 19.3 seconds (JVM running for 24.562)
2018-11-07 15:36:19,859 INFO org.springframework.boot.autoconfigure.batch.JobLauncherCommandLineRunner [main] Running default command line with: [--spring.output.ansi.enabled=always]
2018-11-07 15:36:20,638 INFO org.springframework.batch.core.launch.support.SimpleJobLauncher$1 [main] Job: [FlowJob: [name=exportCustomerFeedJob]] launched with the following parameters: [{-spring.output.ansi.enabled=always, run.id=24}]
2018-11-07 15:36:20,814 INFO org.springframework.batch.core.job.SimpleStepHandler [main] Executing step: [step1]
2018-11-07 15:36:21,393 INFO com.talbots.customer.feed.batch.service.CustomerFeedProcessor [main] Processing customer number 284011169
2018-11-07 15:36:21,394 INFO com.talbots.customer.feed.batch.service.CustomerFeedProcessor [main] Processing customer number 318450835
2018-11-07 15:36:21,395 INFO com.talbots.customer.feed.batch.service.CustomerFeedProcessor [main] Processing customer number 6745394
2018-11-07 15:36:21,395 INFO com.talbots.customer.feed.batch.service.CustomerFeedProcessor [main] Processing customer number 6745394
2018-11-07 15:36:21,396 INFO com.talbots.customer.feed.batch.service.CustomerFeedProcessor [main] Processing customer number 6745394
2018-11-07 15:36:21,396 INFO com.talbots.customer.feed.batch.service.CustomerFeedProcessor [main] Processing customer number 6745394
2018-11-07 15:36:21,396 INFO com.talbots.customer.feed.batch.service.CustomerFeedProcessor [main] Processing customer number 6745394
2018-11-07 15:36:21,397 INFO com.talbots.customer.feed.batch.service.CustomerFeedProcessor [main] Processing customer number 6745394
2018-11-07 15:36:21,398 INFO com.talbots.customer.feed.batch.service.CustomerFeedProcessor [main] Processing customer number 7160015
2018-11-07 15:36:21,407 INFO org.springframework.oxm.jaxb.Jaxb2Marshaller [main] Creating JAXBContext with classes to be bound [class com.talbots.customer.feed.domain.Customer]
2018-11-07 15:36:22,166 INFO org.springframework.batch.core.launch.support.SimpleJobLauncher$1 [main] Job: [FlowJob: [name=exportCustomerFeedJob]] completed with the following parameters: [{-spring.output.ansi.enabled=always, run.id=24}] and the following status: [COMPLETED]
2018-11-07 15:36:22,172 INFO org.springframework.context.support.AbstractApplicationContext [Thread-2] Closing org.springframework.context.annotation.AnnotationConfigApplicationContext@7a8c8dcf: startup date [Wed Nov 07 15:36:04 EST 2018]; root of context hierarchy
2018-11-07 15:36:22,176 INFO org.springframework.jmx.export.MBeanExporter [Thread-2] Unregistering JMX-exposed beans on shutdown
